<?xml version="1.0" encoding="UTF-8"?>
<testsuite xmlns:xsi="http://www.w3.org/2001/XMLSchema-instance" xsi:noNamespaceSchemaLocation="https://maven.apache.org/surefire/maven-surefire-plugin/xsd/surefire-test-report-3.0.xsd" version="3.0" name="runner.TestRunner" time="76.946" tests="14" errors="0" skipped="0" failures="0">
  <properties>
[...]
</properties>
  <testcase name="Login with valid cred #1" classname="Login Functionality" time="7.2">
    <system-out><![CDATA[
Scenario Outline: Login with valid cred                                                &amp#27;[90m# src/test/resources/features/LogIn.feature:12&amp#27;[0m
  &amp#27;[32mGiven &amp#27;[0m&amp#27;[32mUser has navigate to login page&amp#27;[0m                                                &amp#27;[90m# stepdefinations.Login.user_has_navigate_to_login_page()&amp#27;[0m
  &amp#27;[32mWhen &amp#27;[0m&amp#27;[32mUser has enteres valid email address &amp#27;[0m&amp#27;[32m&amp#27;[1mshohibshaikh369@gmail.com&amp#27;[0m&amp#27;[32m into email field&amp#27;[0m &amp#27;[90m# stepdefinations.Login.user_has_enteres_valid_email_address_into_email_field(java.lang.String)&amp#27;[0m
  &amp#27;[32mAnd &amp#27;[0m&amp#27;[32mUser has enteres valid password &amp#27;[0m&amp#27;[32m&amp#27;[1mShobby@270&amp#27;[0m&amp#27;[32m into password field&amp#27;[0m                   &amp#27;[90m# stepdefinations.Login.user_has_enteres_valid_password_into_password_field(java.lang.String)&amp#27;[0m
  &amp#27;[32mAnd &amp#27;[0m&amp#27;[32mUser clicks on login button&amp#27;[0m                                                      &amp#27;[90m# stepdefinations.Login.user_clicks_on_login_button()&amp#27;[0m
  &amp#27;[32mThen &amp#27;[0m&amp#27;[32mUser should get successfully logged in&amp#27;[0m                                          &amp#27;[90m# stepdefinations.Login.user_should_get_successfully_logged_in()&amp#27;[0m
]]></system-out>
    <system-err><![CDATA[May 04, 2024 4:07:59 PM org.openqa.selenium.devtools.CdpVersionFinder findNearestMatch
WARNING: Unable to find an exact match for CDP version 124, returning the closest version; found: 123; Please update to a Selenium version that supports CDP version 124
]]></system-err>
  </testcase>
  <testcase name="Login with valid cred #2" classname="Login Functionality" time="5.279">
    <system-out><![CDATA[
Scenario Outline: Login with valid cred                                                 &amp#27;[90m# src/test/resources/features/LogIn.feature:13&amp#27;[0m
  &amp#27;[32mGiven &amp#27;[0m&amp#27;[32mUser has navigate to login page&amp#27;[0m                                                 &amp#27;[90m# stepdefinations.Login.user_has_navigate_to_login_page()&amp#27;[0m
  &amp#27;[32mWhen &amp#27;[0m&amp#27;[32mUser has enteres valid email address &amp#27;[0m&amp#27;[32m&amp#27;[1mshohibshaikh3691@gmail.com&amp#27;[0m&amp#27;[32m into email field&amp#27;[0m &amp#27;[90m# stepdefinations.Login.user_has_enteres_valid_email_address_into_email_field(java.lang.String)&amp#27;[0m
  &amp#27;[32mAnd &amp#27;[0m&amp#27;[32mUser has enteres valid password &amp#27;[0m&amp#27;[32m&amp#27;[1m12345&amp#27;[0m&amp#27;[32m into password field&amp#27;[0m                         &amp#27;[90m# stepdefinations.Login.user_has_enteres_valid_password_into_password_field(java.lang.String)&amp#27;[0m
  &amp#27;[32mAnd &amp#27;[0m&amp#27;[32mUser clicks on login button&amp#27;[0m                                                       &amp#27;[90m# stepdefinations.Login.user_clicks_on_login_button()&amp#27;[0m
  &amp#27;[32mThen &amp#27;[0m&amp#27;[32mUser should get successfully logged in&amp#27;[0m                                           &amp#27;[90m# stepdefinations.Login.user_should_get_successfully_logged_in()&amp#27;[0m
]]></system-out>
    <system-err><![CDATA[May 04, 2024 4:08:04 PM org.openqa.selenium.devtools.CdpVersionFinder findNearestMatch
WARNING: Unable to find an exact match for CDP version 124, returning the closest version; found: 123; Please update to a Selenium version that supports CDP version 124
]]></system-err>
  </testcase>
  <testcase name="Login with valid cred #3" classname="Login Functionality" time="4.68">
    <system-out><![CDATA[
Scenario Outline: Login with valid cred                                                 &amp#27;[90m# src/test/resources/features/LogIn.feature:14&amp#27;[0m
  &amp#27;[32mGiven &amp#27;[0m&amp#27;[32mUser has navigate to login page&amp#27;[0m                                                 &amp#27;[90m# stepdefinations.Login.user_has_navigate_to_login_page()&amp#27;[0m
  &amp#27;[32mWhen &amp#27;[0m&amp#27;[32mUser has enteres valid email address &amp#27;[0m&amp#27;[32m&amp#27;[1mshohibshaikh3692@gmail.com&amp#27;[0m&amp#27;[32m into email field&amp#27;[0m &amp#27;[90m# stepdefinations.Login.user_has_enteres_valid_email_address_into_email_field(java.lang.String)&amp#27;[0m
  &amp#27;[32mAnd &amp#27;[0m&amp#27;[32mUser has enteres valid password &amp#27;[0m&amp#27;[32m&amp#27;[1m12345&amp#27;[0m&amp#27;[32m into password field&amp#27;[0m                         &amp#27;[90m# stepdefinations.Login.user_has_enteres_valid_password_into_password_field(java.lang.String)&amp#27;[0m
  &amp#27;[32mAnd &amp#27;[0m&amp#27;[32mUser clicks on login button&amp#27;[0m                                                       &amp#27;[90m# stepdefinations.Login.user_clicks_on_login_button()&amp#27;[0m
  &amp#27;[32mThen &amp#27;[0m&amp#27;[32mUser should get successfully logged in&amp#27;[0m                                           &amp#27;[90m# stepdefinations.Login.user_should_get_successfully_logged_in()&amp#27;[0m
]]></system-out>
    <system-err><![CDATA[May 04, 2024 4:08:09 PM org.openqa.selenium.devtools.CdpVersionFinder findNearestMatch
WARNING: Unable to find an exact match for CDP version 124, returning the closest version; found: 123; Please update to a Selenium version that supports CDP version 124
]]></system-err>
  </testcase>
  <testcase name="Login with invalid cred" classname="Login Functionality" time="5.028">
    <system-out><![CDATA[
Scenario: Login with invalid cred                                          &amp#27;[90m# src/test/resources/features/LogIn.feature:16&amp#27;[0m
  &amp#27;[32mGiven &amp#27;[0m&amp#27;[32mUser has navigate to login page&amp#27;[0m                                    &amp#27;[90m# stepdefinations.Login.user_has_navigate_to_login_page()&amp#27;[0m
  &amp#27;[32mWhen &amp#27;[0m&amp#27;[32mUser has enteres invalid email address into email field&amp#27;[0m             &amp#27;[90m# stepdefinations.Login.user_has_enteres_invalid_email_address_into_email_field()&amp#27;[0m
  &amp#27;[32mAnd &amp#27;[0m&amp#27;[32mUser has enteres invalid password &amp#27;[0m&amp#27;[32m&amp#27;[1m"Shobby12@270"&amp#27;[0m&amp#27;[32m into password field&amp#27;[0m &amp#27;[90m# stepdefinations.Login.user_has_enteres_invalid_password_into_password_field(java.lang.String)&amp#27;[0m
  &amp#27;[32mAnd &amp#27;[0m&amp#27;[32mUser clicks on login button&amp#27;[0m                                          &amp#27;[90m# stepdefinations.Login.user_clicks_on_login_button()&amp#27;[0m
  &amp#27;[32mThen &amp#27;[0m&amp#27;[32mUser should get propper warning message&amp#27;[0m                             &amp#27;[90m# stepdefinations.Login.user_should_get_propper_warning_message()&amp#27;[0m
]]></system-out>
    <system-err><![CDATA[May 04, 2024 4:08:14 PM org.openqa.selenium.devtools.CdpVersionFinder findNearestMatch
WARNING: Unable to find an exact match for CDP version 124, returning the closest version; found: 123; Please update to a Selenium version that supports CDP version 124
]]></system-err>
  </testcase>
  <testcase name="Login with valid email and invalid pass" classname="Login Functionality" time="5.076">
    <system-out><![CDATA[
Scenario: Login with valid email and invalid pass                                        &amp#27;[90m# src/test/resources/features/LogIn.feature:23&amp#27;[0m
  &amp#27;[32mGiven &amp#27;[0m&amp#27;[32mUser has navigate to login page&amp#27;[0m                                                  &amp#27;[90m# stepdefinations.Login.user_has_navigate_to_login_page()&amp#27;[0m
  &amp#27;[32mWhen &amp#27;[0m&amp#27;[32mUser has enteres valid email address &amp#27;[0m&amp#27;[32m&amp#27;[1m"shohibshaikh369@gmail.com"&amp#27;[0m&amp#27;[32m into email field&amp#27;[0m &amp#27;[90m# stepdefinations.Login.user_has_enteres_valid_email_address_into_email_field(java.lang.String)&amp#27;[0m
  &amp#27;[32mAnd &amp#27;[0m&amp#27;[32mUser has enteres invalid password &amp#27;[0m&amp#27;[32m&amp#27;[1m"123456"&amp#27;[0m&amp#27;[32m into password field&amp#27;[0m                     &amp#27;[90m# stepdefinations.Login.user_has_enteres_invalid_password_into_password_field(java.lang.String)&amp#27;[0m
  &amp#27;[32mAnd &amp#27;[0m&amp#27;[32mUser clicks on login button&amp#27;[0m                                                        &amp#27;[90m# stepdefinations.Login.user_clicks_on_login_button()&amp#27;[0m
  &amp#27;[32mThen &amp#27;[0m&amp#27;[32mUser should get propper warning message&amp#27;[0m                                           &amp#27;[90m# stepdefinations.Login.user_should_get_propper_warning_message()&amp#27;[0m
]]></system-out>
    <system-err><![CDATA[May 04, 2024 4:08:19 PM org.openqa.selenium.devtools.CdpVersionFinder findNearestMatch
WARNING: Unable to find an exact match for CDP version 124, returning the closest version; found: 123; Please update to a Selenium version that supports CDP version 124
]]></system-err>
  </testcase>
  <testcase name="Login with invalid email and valid pass" classname="Login Functionality" time="4.92">
    <system-out><![CDATA[
Scenario: Login with invalid email and valid pass                      &amp#27;[90m# src/test/resources/features/LogIn.feature:30&amp#27;[0m
  &amp#27;[32mGiven &amp#27;[0m&amp#27;[32mUser has navigate to login page&amp#27;[0m                                &amp#27;[90m# stepdefinations.Login.user_has_navigate_to_login_page()&amp#27;[0m
  &amp#27;[32mWhen &amp#27;[0m&amp#27;[32mUser has enteres invalid email address into email field&amp#27;[0m         &amp#27;[90m# stepdefinations.Login.user_has_enteres_invalid_email_address_into_email_field()&amp#27;[0m
  &amp#27;[32mAnd &amp#27;[0m&amp#27;[32mUser has enteres valid password &amp#27;[0m&amp#27;[32m&amp#27;[1m"Shobby@270"&amp#27;[0m&amp#27;[32m into password field&amp#27;[0m &amp#27;[90m# stepdefinations.Login.user_has_enteres_valid_password_into_password_field(java.lang.String)&amp#27;[0m
  &amp#27;[32mAnd &amp#27;[0m&amp#27;[32mUser clicks on login button&amp#27;[0m                                      &amp#27;[90m# stepdefinations.Login.user_clicks_on_login_button()&amp#27;[0m
  &amp#27;[32mThen &amp#27;[0m&amp#27;[32mUser should get propper warning message&amp#27;[0m                         &amp#27;[90m# stepdefinations.Login.user_should_get_propper_warning_message()&amp#27;[0m
]]></system-out>
    <system-err><![CDATA[May 04, 2024 4:08:24 PM org.openqa.selenium.devtools.CdpVersionFinder findNearestMatch
WARNING: Unable to find an exact match for CDP version 124, returning the closest version; found: 123; Please update to a Selenium version that supports CDP version 124
]]></system-err>
  </testcase>
  <testcase name="Login without providing any cred" classname="Login Functionality" time="4.568">
    <system-out><![CDATA[
Scenario: Login without providing any cred            &amp#27;[90m# src/test/resources/features/LogIn.feature:37&amp#27;[0m
  &amp#27;[32mGiven &amp#27;[0m&amp#27;[32mUser has navigate to login page&amp#27;[0m               &amp#27;[90m# stepdefinations.Login.user_has_navigate_to_login_page()&amp#27;[0m
  &amp#27;[32mWhen &amp#27;[0m&amp#27;[32mUser dont enter email address into email field&amp#27;[0m &amp#27;[90m# stepdefinations.Login.user_dont_enter_email_address_into_email_field()&amp#27;[0m
  &amp#27;[32mAnd &amp#27;[0m&amp#27;[32mUser dont enter password into password field&amp#27;[0m    &amp#27;[90m# stepdefinations.Login.user_dont_enter_password_into_password_field()&amp#27;[0m
  &amp#27;[32mAnd &amp#27;[0m&amp#27;[32mUser clicks on login button&amp#27;[0m                     &amp#27;[90m# stepdefinations.Login.user_clicks_on_login_button()&amp#27;[0m
  &amp#27;[32mThen &amp#27;[0m&amp#27;[32mUser should get propper warning message&amp#27;[0m        &amp#27;[90m# stepdefinations.Login.user_should_get_propper_warning_message()&amp#27;[0m
]]></system-out>
    <system-err><![CDATA[May 04, 2024 4:08:29 PM org.openqa.selenium.devtools.CdpVersionFinder findNearestMatch
WARNING: Unable to find an exact match for CDP version 124, returning the closest version; found: 123; Please update to a Selenium version that supports CDP version 124
]]></system-err>
  </testcase>
  <testcase name="User creates an account only with mandatory fields #1" classname="Registration functionality" time="6.509">
    <system-out><![CDATA[
Scenario: User creates an account only with mandatory fields &amp#27;[90m# src/test/resources/features/Register.feature:3&amp#27;[0m
  &amp#27;[32mGiven &amp#27;[0m&amp#27;[32mUser navigates to register Account page&amp#27;[0m              &amp#27;[90m# stepdefinations.Register.user_navigates_to_register_account_page()&amp#27;[0m
  &amp#27;[32mWhen &amp#27;[0m&amp#27;[32mUser enters the details into below fields&amp#27;[0m             &amp#27;[90m# stepdefinations.Register.user_enters_the_details_into_below_fields(io.cucumber.datatable.DataTable)&amp#27;[0m
    | firstName | Shoaib     |
    | lastname  | Shaikh     |
    | telephone | 8888888    |
    | password  | Hameed@270 |
  &amp#27;[32mAnd &amp#27;[0m&amp#27;[32mUser selects Privacy Policy&amp#27;[0m                            &amp#27;[90m# stepdefinations.Register.user_selects_privacy_policy()&amp#27;[0m
  &amp#27;[32mAnd &amp#27;[0m&amp#27;[32mUser clicks on Continue button&amp#27;[0m                         &amp#27;[90m# stepdefinations.Register.user_clicks_on_continue_button()&amp#27;[0m
  &amp#27;[32mThen &amp#27;[0m&amp#27;[32mUser account should get created successfully&amp#27;[0m          &amp#27;[90m# stepdefinations.Register.user_account_should_get_created_successfully()&amp#27;[0m
]]></system-out>
    <system-err><![CDATA[May 04, 2024 4:08:34 PM org.openqa.selenium.devtools.CdpVersionFinder findNearestMatch
WARNING: Unable to find an exact match for CDP version 124, returning the closest version; found: 123; Please update to a Selenium version that supports CDP version 124
]]></system-err>
  </testcase>
  <testcase name="User creates an account only with mandatory fields #2" classname="Registration functionality" time="6.712">
    <system-out><![CDATA[
Scenario: User creates an account only with mandatory fields &amp#27;[90m# src/test/resources/features/Register.feature:16&amp#27;[0m
  &amp#27;[32mGiven &amp#27;[0m&amp#27;[32mUser navigates to register Account page&amp#27;[0m              &amp#27;[90m# stepdefinations.Register.user_navigates_to_register_account_page()&amp#27;[0m
  &amp#27;[32mWhen &amp#27;[0m&amp#27;[32mUser enters the details into below fields&amp#27;[0m             &amp#27;[90m# stepdefinations.Register.user_enters_the_details_into_below_fields(io.cucumber.datatable.DataTable)&amp#27;[0m
    | firstName | Hameed     |
    | lastname  | Sayed      |
    | telephone | 8888888    |
    | password  | Hameed@270 |
  &amp#27;[32mAnd &amp#27;[0m&amp#27;[32mUser selects Yes for Newsletter&amp#27;[0m                        &amp#27;[90m# stepdefinations.Register.user_selects_yes_for_newsletter()&amp#27;[0m
  &amp#27;[32mAnd &amp#27;[0m&amp#27;[32mUser selects Privacy Policy&amp#27;[0m                            &amp#27;[90m# stepdefinations.Register.user_selects_privacy_policy()&amp#27;[0m
  &amp#27;[32mAnd &amp#27;[0m&amp#27;[32mUser clicks on Continue button&amp#27;[0m                         &amp#27;[90m# stepdefinations.Register.user_clicks_on_continue_button()&amp#27;[0m
  &amp#27;[32mThen &amp#27;[0m&amp#27;[32mUser account should get created successfully&amp#27;[0m          &amp#27;[90m# stepdefinations.Register.user_account_should_get_created_successfully()&amp#27;[0m
]]></system-out>
    <system-err><![CDATA[May 04, 2024 4:08:40 PM org.openqa.selenium.devtools.CdpVersionFinder findNearestMatch
WARNING: Unable to find an exact match for CDP version 124, returning the closest version; found: 123; Please update to a Selenium version that supports CDP version 124
]]></system-err>
  </testcase>
  <testcase name="User try to creates an dupliacte account only with mandatory fields" classname="Registration functionality" time="6.477">
    <system-out><![CDATA[
Scenario: User try to creates an dupliacte account only with mandatory fields &amp#27;[90m# src/test/resources/features/Register.feature:28&amp#27;[0m
  &amp#27;[32mGiven &amp#27;[0m&amp#27;[32mUser navigates to register Account page&amp#27;[0m                               &amp#27;[90m# stepdefinations.Register.user_navigates_to_register_account_page()&amp#27;[0m
  &amp#27;[32mWhen &amp#27;[0m&amp#27;[32mUser enters the details into below fields with duplicate email&amp#27;[0m         &amp#27;[90m# stepdefinations.Register.user_enters_the_details_into_below_fields_with_duplicate_email(io.cucumber.datatable.DataTable)&amp#27;[0m
    | firstName | Hameed                    |
    | lastname  | Sayed                     |
    | email     | shohibshaikh369@gmail.com |
    | telephone | 8888888                   |
    | password  | Hameed@270                |
  &amp#27;[32mAnd &amp#27;[0m&amp#27;[32mUser selects Yes for Newsletter&amp#27;[0m                                         &amp#27;[90m# stepdefinations.Register.user_selects_yes_for_newsletter()&amp#27;[0m
  &amp#27;[32mAnd &amp#27;[0m&amp#27;[32mUser selects Privacy Policy&amp#27;[0m                                             &amp#27;[90m# stepdefinations.Register.user_selects_privacy_policy()&amp#27;[0m
  &amp#27;[32mAnd &amp#27;[0m&amp#27;[32mUser clicks on Continue button&amp#27;[0m                                          &amp#27;[90m# stepdefinations.Register.user_clicks_on_continue_button()&amp#27;[0m
  &amp#27;[32mThen &amp#27;[0m&amp#27;[32mUser should get propper wrning about duplicate email&amp#27;[0m                   &amp#27;[90m# stepdefinations.Register.user_should_get_propper_wrning_about_duplicate_email()&amp#27;[0m
]]></system-out>
    <system-err><![CDATA[May 04, 2024 4:08:47 PM org.openqa.selenium.devtools.CdpVersionFinder findNearestMatch
WARNING: Unable to find an exact match for CDP version 124, returning the closest version; found: 123; Please update to a Selenium version that supports CDP version 124
]]></system-err>
  </testcase>
  <testcase name="User creates an account without filling any details" classname="Registration functionality" time="5.417">
    <system-out><![CDATA[
Scenario: User creates an account without filling any details       &amp#27;[90m# src/test/resources/features/Register.feature:42&amp#27;[0m
  &amp#27;[32mGiven &amp#27;[0m&amp#27;[32mUser navigates to register Account page&amp#27;[0m                     &amp#27;[90m# stepdefinations.Register.user_navigates_to_register_account_page()&amp#27;[0m
  &amp#27;[32mWhen &amp#27;[0m&amp#27;[32mUser dont enter any details into fields&amp#27;[0m                      &amp#27;[90m# stepdefinations.Register.user_dont_enter_any_details_into_fields()&amp#27;[0m
  &amp#27;[32mAnd &amp#27;[0m&amp#27;[32mUser clicks on Continue button&amp#27;[0m                                &amp#27;[90m# stepdefinations.Register.user_clicks_on_continue_button()&amp#27;[0m
  &amp#27;[32mThen &amp#27;[0m&amp#27;[32mUser should get propper wrning messages for mandatory fields&amp#27;[0m &amp#27;[90m# stepdefinations.Register.user_should_get_propper_wrning_messages_for_mandatory_fields()&amp#27;[0m
]]></system-out>
    <system-err><![CDATA[May 04, 2024 4:08:54 PM org.openqa.selenium.devtools.CdpVersionFinder findNearestMatch
WARNING: Unable to find an exact match for CDP version 124, returning the closest version; found: 123; Please update to a Selenium version that supports CDP version 124
]]></system-err>
  </testcase>
  <testcase name="User search for valid product" classname="Search functionality" time="4.302">
    <system-out><![CDATA[
Scenario: User search for valid product                      &amp#27;[90m# src/test/resources/features/Search.feature:3&amp#27;[0m
  &amp#27;[32mGiven &amp#27;[0m&amp#27;[32mUser opens the Application&amp#27;[0m                           &amp#27;[90m# stepdefinations.Search.user_opens_the_application()&amp#27;[0m
  &amp#27;[32mWhen &amp#27;[0m&amp#27;[32mUser enteres valid product &amp#27;[0m&amp#27;[32m&amp#27;[1m"HP"&amp#27;[0m&amp#27;[32m into search box field&amp#27;[0m &amp#27;[90m# stepdefinations.Search.user_enteres_valid_product_into_search_box_field(java.lang.String)&amp#27;[0m
  &amp#27;[32mAnd &amp#27;[0m&amp#27;[32mUser clicks on search button&amp#27;[0m                           &amp#27;[90m# stepdefinations.Search.user_clicks_on_search_button()&amp#27;[0m
  &amp#27;[32mThen &amp#27;[0m&amp#27;[32mUser should get valid product&amp#27;[0m                         &amp#27;[90m# stepdefinations.Search.user_should_get_valid_product()&amp#27;[0m
]]></system-out>
    <system-err><![CDATA[May 04, 2024 4:08:59 PM org.openqa.selenium.devtools.CdpVersionFinder findNearestMatch
WARNING: Unable to find an exact match for CDP version 124, returning the closest version; found: 123; Please update to a Selenium version that supports CDP version 124
]]></system-err>
  </testcase>
  <testcase name="User search for invalid product" classname="Search functionality" time="3.925">
    <system-out><![CDATA[
Scenario: User search for invalid product                         &amp#27;[90m# src/test/resources/features/Search.feature:9&amp#27;[0m
  &amp#27;[32mGiven &amp#27;[0m&amp#27;[32mUser opens the Application&amp#27;[0m                                &amp#27;[90m# stepdefinations.Search.user_opens_the_application()&amp#27;[0m
  &amp#27;[32mWhen &amp#27;[0m&amp#27;[32mUser enteres invalid product &amp#27;[0m&amp#27;[32m&amp#27;[1m"Honda"&amp#27;[0m&amp#27;[32m into search box field&amp#27;[0m &amp#27;[90m# stepdefinations.Search.user_enteres_invalid_product_into_search_box_field(java.lang.String)&amp#27;[0m
  &amp#27;[32mAnd &amp#27;[0m&amp#27;[32mUser clicks on search button&amp#27;[0m                                &amp#27;[90m# stepdefinations.Search.user_clicks_on_search_button()&amp#27;[0m
  &amp#27;[32mThen &amp#27;[0m&amp#27;[32mUser should get a message about no product matching&amp#27;[0m        &amp#27;[90m# stepdefinations.Search.user_should_get_a_message_about_no_product_matching()&amp#27;[0m
]]></system-out>
    <system-err><![CDATA[May 04, 2024 4:09:03 PM org.openqa.selenium.devtools.CdpVersionFinder findNearestMatch
WARNING: Unable to find an exact match for CDP version 124, returning the closest version; found: 123; Please update to a Selenium version that supports CDP version 124
]]></system-err>
  </testcase>
  <testcase name="User searches without any product" classname="Search functionality" time="3.537">
    <system-out><![CDATA[
Scenario: User searches without any product                   &amp#27;[90m# src/test/resources/features/Search.feature:15&amp#27;[0m
  &amp#27;[32mGiven &amp#27;[0m&amp#27;[32mUser opens the Application&amp#27;[0m                            &amp#27;[90m# stepdefinations.Search.user_opens_the_application()&amp#27;[0m
  &amp#27;[32mWhen &amp#27;[0m&amp#27;[32mUser dont enter any product name into search box field&amp#27;[0m &amp#27;[90m# stepdefinations.Search.user_dont_enter_any_product_name_into_search_box_field()&amp#27;[0m
  &amp#27;[32mAnd &amp#27;[0m&amp#27;[32mUser clicks on search button&amp#27;[0m                            &amp#27;[90m# stepdefinations.Search.user_clicks_on_search_button()&amp#27;[0m
  &amp#27;[32mThen &amp#27;[0m&amp#27;[32mUser should get a message about no product matching&amp#27;[0m    &amp#27;[90m# stepdefinations.Search.user_should_get_a_message_about_no_product_matching()&amp#27;[0m
]]></system-out>
    <system-err><![CDATA[May 04, 2024 4:09:07 PM org.openqa.selenium.devtools.CdpVersionFinder findNearestMatch
WARNING: Unable to find an exact match for CDP version 124, returning the closest version; found: 123; Please update to a Selenium version that supports CDP version 124
]]></system-err>
  </testcase>
</testsuite>